语法

    0 $accept: Program $end

    1 Program: ExtDefList

    2 ExtDefList: ExtDef ExtDefList
    3           | /* 空 */

    4 ExtDef: Specifier ExtDecList SEMI
    5       | Specifier SEMI
    6       | Specifier FunDec CompSt
    7       | error SEMI

    8 ExtDecList: VarDec
    9           | VarDec COMMA ExtDecList

   10 Specifier: TYPE
   11          | StructSpecifier

   12 StructSpecifier: STRUCT OptTag LC DefList RC
   13                | STRUCT Tag

   14 OptTag: ID
   15       | /* 空 */

   16 Tag: ID

   17 VarDec: ID
   18       | VarDec LB INT RB

   19 FunDec: ID LP VarList RP
   20       | ID LP RP
   21       | error RP

   22 VarList: ParamDec COMMA VarList
   23        | ParamDec

   24 ParamDec: Specifier VarDec
   25         | error SEMI

   26 CompSt: LC DefList StmtList RC

   27 StmtList: Stmt StmtList
   28         | /* 空 */

   29 Stmt: Exp SEMI
   30     | CompSt
   31     | RETURN Exp SEMI
   32     | IF LP Exp RP Stmt ELSE Stmt
   33     | WHILE LP Exp RP Stmt
   34     | error SEMI

   35 DefList: Def DefList
   36        | /* 空 */

   37 Def: Specifier DecList SEMI

   38 DecList: Dec
   39        | Dec COMMA DecList
   40        | error SEMI

   41 Dec: VarDec
   42    | VarDec ASSIGNOP Exp

   43 Exp: Exp ASSIGNOP Exp
   44    | Exp AND Exp
   45    | Exp OR Exp
   46    | Exp RELOP Exp
   47    | Exp PLUS Exp
   48    | Exp MINUS Exp
   49    | Exp STAR Exp
   50    | Exp DIV Exp
   51    | LP Exp RP
   52    | MINUS Exp
   53    | NOT Exp
   54    | ID LP Args RP
   55    | ID LP RP
   56    | Exp LB Exp RB
   57    | Exp DOT ID
   58    | ID
   59    | INT
   60    | FLOAT

   61 Args: Exp COMMA Args
   62     | Exp
   63     | error RP


Terminals, with rules where they appear

$end (0) 0
error (256) 7 21 25 34 40 63
INT (258) 18 59
FLOAT (259) 60
TYPE (260) 10
ID (261) 14 16 17 19 20 54 55 57 58
SEMI (262) 4 5 7 25 29 31 34 37 40
COMMA (263) 9 22 39 61
NOT (264) 53
ASSIGNOP (265) 42 43
OR (266) 45
AND (267) 44
RELOP (268) 46
DIV (269) 50
STAR (270) 49
MINUS (271) 48 52
PLUS (272) 47
RC (273) 12 26
LC (274) 12 26
RB (275) 18 56
LB (276) 18 56
RP (277) 19 20 21 32 33 51 54 55 63
LP (278) 19 20 32 33 51 54 55
DOT (279) 57
WHILE (280) 33
ELSE (281) 32
IF (282) 32
RETURN (283) 31
STRUCT (284) 12 13


Nonterminals, with rules where they appear

$accept (30)
    左： 0
Program (31)
    左： 1, 右： 0
ExtDefList (32)
    左： 2 3, 右： 1 2
ExtDef (33)
    左： 4 5 6 7, 右： 2
ExtDecList (34)
    左： 8 9, 右： 4 9
Specifier (35)
    左： 10 11, 右： 4 5 6 24 37
StructSpecifier (36)
    左： 12 13, 右： 11
OptTag (37)
    左： 14 15, 右： 12
Tag (38)
    左： 16, 右： 13
VarDec (39)
    左： 17 18, 右： 8 9 18 24 41 42
FunDec (40)
    左： 19 20 21, 右： 6
VarList (41)
    左： 22 23, 右： 19 22
ParamDec (42)
    左： 24 25, 右： 22 23
CompSt (43)
    左： 26, 右： 6 30
StmtList (44)
    左： 27 28, 右： 26 27
Stmt (45)
    左： 29 30 31 32 33 34, 右： 27 32 33
DefList (46)
    左： 35 36, 右： 12 26 35
Def (47)
    左： 37, 右： 35
DecList (48)
    左： 38 39 40, 右： 37 39
Dec (49)
    左： 41 42, 右： 38 39
Exp (50)
    左： 43 44 45 46 47 48 49 50 51 52 53 54 55 56 57 58 59 60, 右：
    29 31 32 33 42 43 44 45 46 47 48 49 50 51 52 53 56 57 61 62
Args (51)
    左： 61 62 63, 右： 54 61


状态 0

    0 $accept: . Program $end

    error   shift, and go to state 1
    TYPE    shift, and go to state 2
    STRUCT  shift, and go to state 3

    $end  reduce using rule 3 (ExtDefList)

    Program          转到状态4
    ExtDefList       转到状态5
    ExtDef           转到状态6
    Specifier        转到状态7
    StructSpecifier  转到状态8


状态 1

    7 ExtDef: error . SEMI

    SEMI  shift, and go to state 9


状态 2

   10 Specifier: TYPE .

    $default  reduce using rule 10 (Specifier)


状态 3

   12 StructSpecifier: STRUCT . OptTag LC DefList RC
   13                | STRUCT . Tag

    ID  shift, and go to state 10

    $default  reduce using rule 15 (OptTag)

    OptTag  转到状态11
    Tag     转到状态12


状态 4

    0 $accept: Program . $end

    $end  shift, and go to state 13


状态 5

    1 Program: ExtDefList .

    $default  reduce using rule 1 (Program)


状态 6

    2 ExtDefList: ExtDef . ExtDefList

    error   shift, and go to state 1
    TYPE    shift, and go to state 2
    STRUCT  shift, and go to state 3

    $end  reduce using rule 3 (ExtDefList)

    ExtDefList       转到状态14
    ExtDef           转到状态6
    Specifier        转到状态7
    StructSpecifier  转到状态8


状态 7

    4 ExtDef: Specifier . ExtDecList SEMI
    5       | Specifier . SEMI
    6       | Specifier . FunDec CompSt

    error  shift, and go to state 15
    ID     shift, and go to state 16
    SEMI   shift, and go to state 17

    ExtDecList  转到状态18
    VarDec      转到状态19
    FunDec      转到状态20


状态 8

   11 Specifier: StructSpecifier .

    $default  reduce using rule 11 (Specifier)


状态 9

    7 ExtDef: error SEMI .

    $default  reduce using rule 7 (ExtDef)


状态 10

   14 OptTag: ID .
   16 Tag: ID .

    LC        reduce using rule 14 (OptTag)
    $default  reduce using rule 16 (Tag)


状态 11

   12 StructSpecifier: STRUCT OptTag . LC DefList RC

    LC  shift, and go to state 21


状态 12

   13 StructSpecifier: STRUCT Tag .

    $default  reduce using rule 13 (StructSpecifier)


状态 13

    0 $accept: Program $end .

    $default  接受


状态 14

    2 ExtDefList: ExtDef ExtDefList .

    $default  reduce using rule 2 (ExtDefList)


状态 15

   21 FunDec: error . RP

    RP  shift, and go to state 22


状态 16

   17 VarDec: ID .
   19 FunDec: ID . LP VarList RP
   20       | ID . LP RP

    LP  shift, and go to state 23

    $default  reduce using rule 17 (VarDec)


状态 17

    5 ExtDef: Specifier SEMI .

    $default  reduce using rule 5 (ExtDef)


状态 18

    4 ExtDef: Specifier ExtDecList . SEMI

    SEMI  shift, and go to state 24


状态 19

    8 ExtDecList: VarDec .
    9           | VarDec . COMMA ExtDecList
   18 VarDec: VarDec . LB INT RB

    COMMA  shift, and go to state 25
    LB     shift, and go to state 26

    $default  reduce using rule 8 (ExtDecList)


状态 20

    6 ExtDef: Specifier FunDec . CompSt

    LC  shift, and go to state 27

    CompSt  转到状态28


状态 21

   12 StructSpecifier: STRUCT OptTag LC . DefList RC

    TYPE    shift, and go to state 2
    STRUCT  shift, and go to state 3

    $default  reduce using rule 36 (DefList)

    Specifier        转到状态29
    StructSpecifier  转到状态8
    DefList          转到状态30
    Def              转到状态31


状态 22

   21 FunDec: error RP .

    $default  reduce using rule 21 (FunDec)


状态 23

   19 FunDec: ID LP . VarList RP
   20       | ID LP . RP

    error   shift, and go to state 32
    TYPE    shift, and go to state 2
    RP      shift, and go to state 33
    STRUCT  shift, and go to state 3

    Specifier        转到状态34
    StructSpecifier  转到状态8
    VarList          转到状态35
    ParamDec         转到状态36


状态 24

    4 ExtDef: Specifier ExtDecList SEMI .

    $default  reduce using rule 4 (ExtDef)


状态 25

    9 ExtDecList: VarDec COMMA . ExtDecList

    ID  shift, and go to state 37

    ExtDecList  转到状态38
    VarDec      转到状态19


状态 26

   18 VarDec: VarDec LB . INT RB

    INT  shift, and go to state 39


状态 27

   26 CompSt: LC . DefList StmtList RC

    TYPE    shift, and go to state 2
    STRUCT  shift, and go to state 3

    $default  reduce using rule 36 (DefList)

    Specifier        转到状态29
    StructSpecifier  转到状态8
    DefList          转到状态40
    Def              转到状态31


状态 28

    6 ExtDef: Specifier FunDec CompSt .

    $default  reduce using rule 6 (ExtDef)


状态 29

   37 Def: Specifier . DecList SEMI

    error  shift, and go to state 41
    ID     shift, and go to state 37

    VarDec   转到状态42
    DecList  转到状态43
    Dec      转到状态44


状态 30

   12 StructSpecifier: STRUCT OptTag LC DefList . RC

    RC  shift, and go to state 45


状态 31

   35 DefList: Def . DefList

    TYPE    shift, and go to state 2
    STRUCT  shift, and go to state 3

    $default  reduce using rule 36 (DefList)

    Specifier        转到状态29
    StructSpecifier  转到状态8
    DefList          转到状态46
    Def              转到状态31


状态 32

   25 ParamDec: error . SEMI

    SEMI  shift, and go to state 47


状态 33

   20 FunDec: ID LP RP .

    $default  reduce using rule 20 (FunDec)


状态 34

   24 ParamDec: Specifier . VarDec

    ID  shift, and go to state 37

    VarDec  转到状态48


状态 35

   19 FunDec: ID LP VarList . RP

    RP  shift, and go to state 49


状态 36

   22 VarList: ParamDec . COMMA VarList
   23        | ParamDec .

    COMMA  shift, and go to state 50

    $default  reduce using rule 23 (VarList)


状态 37

   17 VarDec: ID .

    $default  reduce using rule 17 (VarDec)


状态 38

    9 ExtDecList: VarDec COMMA ExtDecList .

    $default  reduce using rule 9 (ExtDecList)


状态 39

   18 VarDec: VarDec LB INT . RB

    RB  shift, and go to state 51


状态 40

   26 CompSt: LC DefList . StmtList RC

    error   shift, and go to state 52
    INT     shift, and go to state 53
    FLOAT   shift, and go to state 54
    ID      shift, and go to state 55
    NOT     shift, and go to state 56
    MINUS   shift, and go to state 57
    LC      shift, and go to state 27
    LP      shift, and go to state 58
    WHILE   shift, and go to state 59
    IF      shift, and go to state 60
    RETURN  shift, and go to state 61

    RC  reduce using rule 28 (StmtList)

    CompSt    转到状态62
    StmtList  转到状态63
    Stmt      转到状态64
    Exp       转到状态65


状态 41

   40 DecList: error . SEMI

    SEMI  shift, and go to state 66


状态 42

   18 VarDec: VarDec . LB INT RB
   41 Dec: VarDec .
   42    | VarDec . ASSIGNOP Exp

    ASSIGNOP  shift, and go to state 67
    LB        shift, and go to state 26

    $default  reduce using rule 41 (Dec)


状态 43

   37 Def: Specifier DecList . SEMI

    SEMI  shift, and go to state 68


状态 44

   38 DecList: Dec .
   39        | Dec . COMMA DecList

    COMMA  shift, and go to state 69

    $default  reduce using rule 38 (DecList)


状态 45

   12 StructSpecifier: STRUCT OptTag LC DefList RC .

    $default  reduce using rule 12 (StructSpecifier)


状态 46

   35 DefList: Def DefList .

    $default  reduce using rule 35 (DefList)


状态 47

   25 ParamDec: error SEMI .

    $default  reduce using rule 25 (ParamDec)


状态 48

   18 VarDec: VarDec . LB INT RB
   24 ParamDec: Specifier VarDec .

    LB  shift, and go to state 26

    $default  reduce using rule 24 (ParamDec)


状态 49

   19 FunDec: ID LP VarList RP .

    $default  reduce using rule 19 (FunDec)


状态 50

   22 VarList: ParamDec COMMA . VarList

    error   shift, and go to state 32
    TYPE    shift, and go to state 2
    STRUCT  shift, and go to state 3

    Specifier        转到状态34
    StructSpecifier  转到状态8
    VarList          转到状态70
    ParamDec         转到状态36


状态 51

   18 VarDec: VarDec LB INT RB .

    $default  reduce using rule 18 (VarDec)


状态 52

   34 Stmt: error . SEMI

    SEMI  shift, and go to state 71


状态 53

   59 Exp: INT .

    $default  reduce using rule 59 (Exp)


状态 54

   60 Exp: FLOAT .

    $default  reduce using rule 60 (Exp)


状态 55

   54 Exp: ID . LP Args RP
   55    | ID . LP RP
   58    | ID .

    LP  shift, and go to state 72

    $default  reduce using rule 58 (Exp)


状态 56

   53 Exp: NOT . Exp

    INT    shift, and go to state 53
    FLOAT  shift, and go to state 54
    ID     shift, and go to state 55
    NOT    shift, and go to state 56
    MINUS  shift, and go to state 57
    LP     shift, and go to state 58

    Exp  转到状态73


状态 57

   52 Exp: MINUS . Exp

    INT    shift, and go to state 53
    FLOAT  shift, and go to state 54
    ID     shift, and go to state 55
    NOT    shift, and go to state 56
    MINUS  shift, and go to state 57
    LP     shift, and go to state 58

    Exp  转到状态74


状态 58

   51 Exp: LP . Exp RP

    INT    shift, and go to state 53
    FLOAT  shift, and go to state 54
    ID     shift, and go to state 55
    NOT    shift, and go to state 56
    MINUS  shift, and go to state 57
    LP     shift, and go to state 58

    Exp  转到状态75


状态 59

   33 Stmt: WHILE . LP Exp RP Stmt

    LP  shift, and go to state 76


状态 60

   32 Stmt: IF . LP Exp RP Stmt ELSE Stmt

    LP  shift, and go to state 77


状态 61

   31 Stmt: RETURN . Exp SEMI

    INT    shift, and go to state 53
    FLOAT  shift, and go to state 54
    ID     shift, and go to state 55
    NOT    shift, and go to state 56
    MINUS  shift, and go to state 57
    LP     shift, and go to state 58

    Exp  转到状态78


状态 62

   30 Stmt: CompSt .

    $default  reduce using rule 30 (Stmt)


状态 63

   26 CompSt: LC DefList StmtList . RC

    RC  shift, and go to state 79


状态 64

   27 StmtList: Stmt . StmtList

    error   shift, and go to state 52
    INT     shift, and go to state 53
    FLOAT   shift, and go to state 54
    ID      shift, and go to state 55
    NOT     shift, and go to state 56
    MINUS   shift, and go to state 57
    LC      shift, and go to state 27
    LP      shift, and go to state 58
    WHILE   shift, and go to state 59
    IF      shift, and go to state 60
    RETURN  shift, and go to state 61

    RC  reduce using rule 28 (StmtList)

    CompSt    转到状态62
    StmtList  转到状态80
    Stmt      转到状态64
    Exp       转到状态65


状态 65

   29 Stmt: Exp . SEMI
   43 Exp: Exp . ASSIGNOP Exp
   44    | Exp . AND Exp
   45    | Exp . OR Exp
   46    | Exp . RELOP Exp
   47    | Exp . PLUS Exp
   48    | Exp . MINUS Exp
   49    | Exp . STAR Exp
   50    | Exp . DIV Exp
   56    | Exp . LB Exp RB
   57    | Exp . DOT ID

    SEMI      shift, and go to state 81
    ASSIGNOP  shift, and go to state 82
    OR        shift, and go to state 83
    AND       shift, and go to state 84
    RELOP     shift, and go to state 85
    DIV       shift, and go to state 86
    STAR      shift, and go to state 87
    MINUS     shift, and go to state 88
    PLUS      shift, and go to state 89
    LB        shift, and go to state 90
    DOT       shift, and go to state 91


状态 66

   40 DecList: error SEMI .

    $default  reduce using rule 40 (DecList)


状态 67

   42 Dec: VarDec ASSIGNOP . Exp

    INT    shift, and go to state 53
    FLOAT  shift, and go to state 54
    ID     shift, and go to state 55
    NOT    shift, and go to state 56
    MINUS  shift, and go to state 57
    LP     shift, and go to state 58

    Exp  转到状态92


状态 68

   37 Def: Specifier DecList SEMI .

    $default  reduce using rule 37 (Def)


状态 69

   39 DecList: Dec COMMA . DecList

    error  shift, and go to state 41
    ID     shift, and go to state 37

    VarDec   转到状态42
    DecList  转到状态93
    Dec      转到状态44


状态 70

   22 VarList: ParamDec COMMA VarList .

    $default  reduce using rule 22 (VarList)


状态 71

   34 Stmt: error SEMI .

    $default  reduce using rule 34 (Stmt)


状态 72

   54 Exp: ID LP . Args RP
   55    | ID LP . RP

    error  shift, and go to state 94
    INT    shift, and go to state 53
    FLOAT  shift, and go to state 54
    ID     shift, and go to state 55
    NOT    shift, and go to state 56
    MINUS  shift, and go to state 57
    RP     shift, and go to state 95
    LP     shift, and go to state 58

    Exp   转到状态96
    Args  转到状态97


状态 73

   43 Exp: Exp . ASSIGNOP Exp
   44    | Exp . AND Exp
   45    | Exp . OR Exp
   46    | Exp . RELOP Exp
   47    | Exp . PLUS Exp
   48    | Exp . MINUS Exp
   49    | Exp . STAR Exp
   50    | Exp . DIV Exp
   53    | NOT Exp .
   56    | Exp . LB Exp RB
   57    | Exp . DOT ID

    ASSIGNOP  shift, and go to state 82
    OR        shift, and go to state 83
    AND       shift, and go to state 84
    RELOP     shift, and go to state 85
    DIV       shift, and go to state 86
    STAR      shift, and go to state 87
    MINUS     shift, and go to state 88
    PLUS      shift, and go to state 89
    LB        shift, and go to state 90
    DOT       shift, and go to state 91

    $default  reduce using rule 53 (Exp)


状态 74

   43 Exp: Exp . ASSIGNOP Exp
   44    | Exp . AND Exp
   45    | Exp . OR Exp
   46    | Exp . RELOP Exp
   47    | Exp . PLUS Exp
   48    | Exp . MINUS Exp
   49    | Exp . STAR Exp
   50    | Exp . DIV Exp
   52    | MINUS Exp .
   56    | Exp . LB Exp RB
   57    | Exp . DOT ID

    LB   shift, and go to state 90
    DOT  shift, and go to state 91

    $default  reduce using rule 52 (Exp)


状态 75

   43 Exp: Exp . ASSIGNOP Exp
   44    | Exp . AND Exp
   45    | Exp . OR Exp
   46    | Exp . RELOP Exp
   47    | Exp . PLUS Exp
   48    | Exp . MINUS Exp
   49    | Exp . STAR Exp
   50    | Exp . DIV Exp
   51    | LP Exp . RP
   56    | Exp . LB Exp RB
   57    | Exp . DOT ID

    ASSIGNOP  shift, and go to state 82
    OR        shift, and go to state 83
    AND       shift, and go to state 84
    RELOP     shift, and go to state 85
    DIV       shift, and go to state 86
    STAR      shift, and go to state 87
    MINUS     shift, and go to state 88
    PLUS      shift, and go to state 89
    LB        shift, and go to state 90
    RP        shift, and go to state 98
    DOT       shift, and go to state 91


状态 76

   33 Stmt: WHILE LP . Exp RP Stmt

    INT    shift, and go to state 53
    FLOAT  shift, and go to state 54
    ID     shift, and go to state 55
    NOT    shift, and go to state 56
    MINUS  shift, and go to state 57
    LP     shift, and go to state 58

    Exp  转到状态99


状态 77

   32 Stmt: IF LP . Exp RP Stmt ELSE Stmt

    INT    shift, and go to state 53
    FLOAT  shift, and go to state 54
    ID     shift, and go to state 55
    NOT    shift, and go to state 56
    MINUS  shift, and go to state 57
    LP     shift, and go to state 58

    Exp  转到状态100


状态 78

   31 Stmt: RETURN Exp . SEMI
   43 Exp: Exp . ASSIGNOP Exp
   44    | Exp . AND Exp
   45    | Exp . OR Exp
   46    | Exp . RELOP Exp
   47    | Exp . PLUS Exp
   48    | Exp . MINUS Exp
   49    | Exp . STAR Exp
   50    | Exp . DIV Exp
   56    | Exp . LB Exp RB
   57    | Exp . DOT ID

    SEMI      shift, and go to state 101
    ASSIGNOP  shift, and go to state 82
    OR        shift, and go to state 83
    AND       shift, and go to state 84
    RELOP     shift, and go to state 85
    DIV       shift, and go to state 86
    STAR      shift, and go to state 87
    MINUS     shift, and go to state 88
    PLUS      shift, and go to state 89
    LB        shift, and go to state 90
    DOT       shift, and go to state 91


状态 79

   26 CompSt: LC DefList StmtList RC .

    $default  reduce using rule 26 (CompSt)


状态 80

   27 StmtList: Stmt StmtList .

    $default  reduce using rule 27 (StmtList)


状态 81

   29 Stmt: Exp SEMI .

    $default  reduce using rule 29 (Stmt)


状态 82

   43 Exp: Exp ASSIGNOP . Exp

    INT    shift, and go to state 53
    FLOAT  shift, and go to state 54
    ID     shift, and go to state 55
    NOT    shift, and go to state 56
    MINUS  shift, and go to state 57
    LP     shift, and go to state 58

    Exp  转到状态102


状态 83

   45 Exp: Exp OR . Exp

    INT    shift, and go to state 53
    FLOAT  shift, and go to state 54
    ID     shift, and go to state 55
    NOT    shift, and go to state 56
    MINUS  shift, and go to state 57
    LP     shift, and go to state 58

    Exp  转到状态103


状态 84

   44 Exp: Exp AND . Exp

    INT    shift, and go to state 53
    FLOAT  shift, and go to state 54
    ID     shift, and go to state 55
    NOT    shift, and go to state 56
    MINUS  shift, and go to state 57
    LP     shift, and go to state 58

    Exp  转到状态104


状态 85

   46 Exp: Exp RELOP . Exp

    INT    shift, and go to state 53
    FLOAT  shift, and go to state 54
    ID     shift, and go to state 55
    NOT    shift, and go to state 56
    MINUS  shift, and go to state 57
    LP     shift, and go to state 58

    Exp  转到状态105


状态 86

   50 Exp: Exp DIV . Exp

    INT    shift, and go to state 53
    FLOAT  shift, and go to state 54
    ID     shift, and go to state 55
    NOT    shift, and go to state 56
    MINUS  shift, and go to state 57
    LP     shift, and go to state 58

    Exp  转到状态106


状态 87

   49 Exp: Exp STAR . Exp

    INT    shift, and go to state 53
    FLOAT  shift, and go to state 54
    ID     shift, and go to state 55
    NOT    shift, and go to state 56
    MINUS  shift, and go to state 57
    LP     shift, and go to state 58

    Exp  转到状态107


状态 88

   48 Exp: Exp MINUS . Exp

    INT    shift, and go to state 53
    FLOAT  shift, and go to state 54
    ID     shift, and go to state 55
    NOT    shift, and go to state 56
    MINUS  shift, and go to state 57
    LP     shift, and go to state 58

    Exp  转到状态108


状态 89

   47 Exp: Exp PLUS . Exp

    INT    shift, and go to state 53
    FLOAT  shift, and go to state 54
    ID     shift, and go to state 55
    NOT    shift, and go to state 56
    MINUS  shift, and go to state 57
    LP     shift, and go to state 58

    Exp  转到状态109


状态 90

   56 Exp: Exp LB . Exp RB

    INT    shift, and go to state 53
    FLOAT  shift, and go to state 54
    ID     shift, and go to state 55
    NOT    shift, and go to state 56
    MINUS  shift, and go to state 57
    LP     shift, and go to state 58

    Exp  转到状态110


状态 91

   57 Exp: Exp DOT . ID

    ID  shift, and go to state 111


状态 92

   42 Dec: VarDec ASSIGNOP Exp .
   43 Exp: Exp . ASSIGNOP Exp
   44    | Exp . AND Exp
   45    | Exp . OR Exp
   46    | Exp . RELOP Exp
   47    | Exp . PLUS Exp
   48    | Exp . MINUS Exp
   49    | Exp . STAR Exp
   50    | Exp . DIV Exp
   56    | Exp . LB Exp RB
   57    | Exp . DOT ID

    ASSIGNOP  shift, and go to state 82
    OR        shift, and go to state 83
    AND       shift, and go to state 84
    RELOP     shift, and go to state 85
    DIV       shift, and go to state 86
    STAR      shift, and go to state 87
    MINUS     shift, and go to state 88
    PLUS      shift, and go to state 89
    LB        shift, and go to state 90
    DOT       shift, and go to state 91

    $default  reduce using rule 42 (Dec)


状态 93

   39 DecList: Dec COMMA DecList .

    $default  reduce using rule 39 (DecList)


状态 94

   63 Args: error . RP

    RP  shift, and go to state 112


状态 95

   55 Exp: ID LP RP .

    $default  reduce using rule 55 (Exp)


状态 96

   43 Exp: Exp . ASSIGNOP Exp
   44    | Exp . AND Exp
   45    | Exp . OR Exp
   46    | Exp . RELOP Exp
   47    | Exp . PLUS Exp
   48    | Exp . MINUS Exp
   49    | Exp . STAR Exp
   50    | Exp . DIV Exp
   56    | Exp . LB Exp RB
   57    | Exp . DOT ID
   61 Args: Exp . COMMA Args
   62     | Exp .

    COMMA     shift, and go to state 113
    ASSIGNOP  shift, and go to state 82
    OR        shift, and go to state 83
    AND       shift, and go to state 84
    RELOP     shift, and go to state 85
    DIV       shift, and go to state 86
    STAR      shift, and go to state 87
    MINUS     shift, and go to state 88
    PLUS      shift, and go to state 89
    LB        shift, and go to state 90
    DOT       shift, and go to state 91

    $default  reduce using rule 62 (Args)


状态 97

   54 Exp: ID LP Args . RP

    RP  shift, and go to state 114


状态 98

   51 Exp: LP Exp RP .

    $default  reduce using rule 51 (Exp)


状态 99

   33 Stmt: WHILE LP Exp . RP Stmt
   43 Exp: Exp . ASSIGNOP Exp
   44    | Exp . AND Exp
   45    | Exp . OR Exp
   46    | Exp . RELOP Exp
   47    | Exp . PLUS Exp
   48    | Exp . MINUS Exp
   49    | Exp . STAR Exp
   50    | Exp . DIV Exp
   56    | Exp . LB Exp RB
   57    | Exp . DOT ID

    ASSIGNOP  shift, and go to state 82
    OR        shift, and go to state 83
    AND       shift, and go to state 84
    RELOP     shift, and go to state 85
    DIV       shift, and go to state 86
    STAR      shift, and go to state 87
    MINUS     shift, and go to state 88
    PLUS      shift, and go to state 89
    LB        shift, and go to state 90
    RP        shift, and go to state 115
    DOT       shift, and go to state 91


状态 100

   32 Stmt: IF LP Exp . RP Stmt ELSE Stmt
   43 Exp: Exp . ASSIGNOP Exp
   44    | Exp . AND Exp
   45    | Exp . OR Exp
   46    | Exp . RELOP Exp
   47    | Exp . PLUS Exp
   48    | Exp . MINUS Exp
   49    | Exp . STAR Exp
   50    | Exp . DIV Exp
   56    | Exp . LB Exp RB
   57    | Exp . DOT ID

    ASSIGNOP  shift, and go to state 82
    OR        shift, and go to state 83
    AND       shift, and go to state 84
    RELOP     shift, and go to state 85
    DIV       shift, and go to state 86
    STAR      shift, and go to state 87
    MINUS     shift, and go to state 88
    PLUS      shift, and go to state 89
    LB        shift, and go to state 90
    RP        shift, and go to state 116
    DOT       shift, and go to state 91


状态 101

   31 Stmt: RETURN Exp SEMI .

    $default  reduce using rule 31 (Stmt)


状态 102

   43 Exp: Exp . ASSIGNOP Exp
   43    | Exp ASSIGNOP Exp .
   44    | Exp . AND Exp
   45    | Exp . OR Exp
   46    | Exp . RELOP Exp
   47    | Exp . PLUS Exp
   48    | Exp . MINUS Exp
   49    | Exp . STAR Exp
   50    | Exp . DIV Exp
   56    | Exp . LB Exp RB
   57    | Exp . DOT ID

    ASSIGNOP  shift, and go to state 82
    OR        shift, and go to state 83
    AND       shift, and go to state 84
    RELOP     shift, and go to state 85
    DIV       shift, and go to state 86
    STAR      shift, and go to state 87
    MINUS     shift, and go to state 88
    PLUS      shift, and go to state 89
    LB        shift, and go to state 90
    DOT       shift, and go to state 91

    $default  reduce using rule 43 (Exp)


状态 103

   43 Exp: Exp . ASSIGNOP Exp
   44    | Exp . AND Exp
   45    | Exp . OR Exp
   45    | Exp OR Exp .
   46    | Exp . RELOP Exp
   47    | Exp . PLUS Exp
   48    | Exp . MINUS Exp
   49    | Exp . STAR Exp
   50    | Exp . DIV Exp
   56    | Exp . LB Exp RB
   57    | Exp . DOT ID

    LB   shift, and go to state 90
    DOT  shift, and go to state 91

    $default  reduce using rule 45 (Exp)


状态 104

   43 Exp: Exp . ASSIGNOP Exp
   44    | Exp . AND Exp
   44    | Exp AND Exp .
   45    | Exp . OR Exp
   46    | Exp . RELOP Exp
   47    | Exp . PLUS Exp
   48    | Exp . MINUS Exp
   49    | Exp . STAR Exp
   50    | Exp . DIV Exp
   56    | Exp . LB Exp RB
   57    | Exp . DOT ID

    LB   shift, and go to state 90
    DOT  shift, and go to state 91

    $default  reduce using rule 44 (Exp)


状态 105

   43 Exp: Exp . ASSIGNOP Exp
   44    | Exp . AND Exp
   45    | Exp . OR Exp
   46    | Exp . RELOP Exp
   46    | Exp RELOP Exp .
   47    | Exp . PLUS Exp
   48    | Exp . MINUS Exp
   49    | Exp . STAR Exp
   50    | Exp . DIV Exp
   56    | Exp . LB Exp RB
   57    | Exp . DOT ID

    LB   shift, and go to state 90
    DOT  shift, and go to state 91

    $default  reduce using rule 46 (Exp)


状态 106

   43 Exp: Exp . ASSIGNOP Exp
   44    | Exp . AND Exp
   45    | Exp . OR Exp
   46    | Exp . RELOP Exp
   47    | Exp . PLUS Exp
   48    | Exp . MINUS Exp
   49    | Exp . STAR Exp
   50    | Exp . DIV Exp
   50    | Exp DIV Exp .
   56    | Exp . LB Exp RB
   57    | Exp . DOT ID

    LB   shift, and go to state 90
    DOT  shift, and go to state 91

    $default  reduce using rule 50 (Exp)


状态 107

   43 Exp: Exp . ASSIGNOP Exp
   44    | Exp . AND Exp
   45    | Exp . OR Exp
   46    | Exp . RELOP Exp
   47    | Exp . PLUS Exp
   48    | Exp . MINUS Exp
   49    | Exp . STAR Exp
   49    | Exp STAR Exp .
   50    | Exp . DIV Exp
   56    | Exp . LB Exp RB
   57    | Exp . DOT ID

    LB   shift, and go to state 90
    DOT  shift, and go to state 91

    $default  reduce using rule 49 (Exp)


状态 108

   43 Exp: Exp . ASSIGNOP Exp
   44    | Exp . AND Exp
   45    | Exp . OR Exp
   46    | Exp . RELOP Exp
   47    | Exp . PLUS Exp
   48    | Exp . MINUS Exp
   48    | Exp MINUS Exp .
   49    | Exp . STAR Exp
   50    | Exp . DIV Exp
   56    | Exp . LB Exp RB
   57    | Exp . DOT ID

    LB   shift, and go to state 90
    DOT  shift, and go to state 91

    $default  reduce using rule 48 (Exp)


状态 109

   43 Exp: Exp . ASSIGNOP Exp
   44    | Exp . AND Exp
   45    | Exp . OR Exp
   46    | Exp . RELOP Exp
   47    | Exp . PLUS Exp
   47    | Exp PLUS Exp .
   48    | Exp . MINUS Exp
   49    | Exp . STAR Exp
   50    | Exp . DIV Exp
   56    | Exp . LB Exp RB
   57    | Exp . DOT ID

    LB   shift, and go to state 90
    DOT  shift, and go to state 91

    $default  reduce using rule 47 (Exp)


状态 110

   43 Exp: Exp . ASSIGNOP Exp
   44    | Exp . AND Exp
   45    | Exp . OR Exp
   46    | Exp . RELOP Exp
   47    | Exp . PLUS Exp
   48    | Exp . MINUS Exp
   49    | Exp . STAR Exp
   50    | Exp . DIV Exp
   56    | Exp . LB Exp RB
   56    | Exp LB Exp . RB
   57    | Exp . DOT ID

    ASSIGNOP  shift, and go to state 82
    OR        shift, and go to state 83
    AND       shift, and go to state 84
    RELOP     shift, and go to state 85
    DIV       shift, and go to state 86
    STAR      shift, and go to state 87
    MINUS     shift, and go to state 88
    PLUS      shift, and go to state 89
    RB        shift, and go to state 117
    LB        shift, and go to state 90
    DOT       shift, and go to state 91


状态 111

   57 Exp: Exp DOT ID .

    $default  reduce using rule 57 (Exp)


状态 112

   63 Args: error RP .

    $default  reduce using rule 63 (Args)


状态 113

   61 Args: Exp COMMA . Args

    error  shift, and go to state 94
    INT    shift, and go to state 53
    FLOAT  shift, and go to state 54
    ID     shift, and go to state 55
    NOT    shift, and go to state 56
    MINUS  shift, and go to state 57
    LP     shift, and go to state 58

    Exp   转到状态96
    Args  转到状态118


状态 114

   54 Exp: ID LP Args RP .

    $default  reduce using rule 54 (Exp)


状态 115

   33 Stmt: WHILE LP Exp RP . Stmt

    error   shift, and go to state 52
    INT     shift, and go to state 53
    FLOAT   shift, and go to state 54
    ID      shift, and go to state 55
    NOT     shift, and go to state 56
    MINUS   shift, and go to state 57
    LC      shift, and go to state 27
    LP      shift, and go to state 58
    WHILE   shift, and go to state 59
    IF      shift, and go to state 60
    RETURN  shift, and go to state 61

    CompSt  转到状态62
    Stmt    转到状态119
    Exp     转到状态65


状态 116

   32 Stmt: IF LP Exp RP . Stmt ELSE Stmt

    error   shift, and go to state 52
    INT     shift, and go to state 53
    FLOAT   shift, and go to state 54
    ID      shift, and go to state 55
    NOT     shift, and go to state 56
    MINUS   shift, and go to state 57
    LC      shift, and go to state 27
    LP      shift, and go to state 58
    WHILE   shift, and go to state 59
    IF      shift, and go to state 60
    RETURN  shift, and go to state 61

    CompSt  转到状态62
    Stmt    转到状态120
    Exp     转到状态65


状态 117

   56 Exp: Exp LB Exp RB .

    $default  reduce using rule 56 (Exp)


状态 118

   61 Args: Exp COMMA Args .

    $default  reduce using rule 61 (Args)


状态 119

   33 Stmt: WHILE LP Exp RP Stmt .

    $default  reduce using rule 33 (Stmt)


状态 120

   32 Stmt: IF LP Exp RP Stmt . ELSE Stmt

    ELSE  shift, and go to state 121


状态 121

   32 Stmt: IF LP Exp RP Stmt ELSE . Stmt

    error   shift, and go to state 52
    INT     shift, and go to state 53
    FLOAT   shift, and go to state 54
    ID      shift, and go to state 55
    NOT     shift, and go to state 56
    MINUS   shift, and go to state 57
    LC      shift, and go to state 27
    LP      shift, and go to state 58
    WHILE   shift, and go to state 59
    IF      shift, and go to state 60
    RETURN  shift, and go to state 61

    CompSt  转到状态62
    Stmt    转到状态122
    Exp     转到状态65


状态 122

   32 Stmt: IF LP Exp RP Stmt ELSE Stmt .

    $default  reduce using rule 32 (Stmt)
